<?xml version="1.0" encoding="UTF-8"?>
<!-- Generated by org.testng.reporters.JUnitReportReporter -->
<testsuite hostname="LAPTOP-FQOSIE6M" failures="0" tests="4" name="TestNGUsingTestCases.seggregatedAppTest" time="47.979" errors="0" timestamp="2023-01-24T20:52:58 CST" skipped="0">
  <testcase classname="TestNGUsingTestCases.seggregatedAppTest" name="verifyDropdownList" time="8.898"/>
  <system-out/>
  <testcase classname="TestNGUsingTestCases.seggregatedAppTest" name="verifyTitlePage" time="4.958"/>
  <system-out/>
  <testcase classname="TestNGUsingTestCases.seggregatedAppTest" name="loginApp" time="16.313"/>
  <system-out/>
  <testcase classname="TestNGUsingTestCases.seggregatedAppTest" name="flightSearchCalendarBased" time="17.810"/>
  <system-out/>
</testsuite> <!-- TestNGUsingTestCases.seggregatedAppTest -->
