<?xml version="1.0" encoding="UTF-8"?>
<!-- Generated by org.testng.reporters.JUnitReportReporter -->
<testsuite hostname="LAPTOP-FQOSIE6M" failures="0" tests="1" name="launchingApplication" time="62.349" errors="0" timestamp="2023-01-24T10:55:53 CST" skipped="0">
  <testcase classname="launchingApplication" name="application" time="62.349"/>
  <system-out/>
</testsuite> <!-- launchingApplication -->
