<?xml version="1.0" encoding="UTF-8"?>
<!-- Generated by org.testng.reporters.JUnitReportReporter -->
<testsuite hostname="LAPTOP-FQOSIE6M" failures="0" tests="2" name="Test.seggregatedAppTest" time="34.943" errors="0" timestamp="2023-01-24T17:10:16 CST" skipped="0">
  <testcase classname="Test.seggregatedAppTest" name="loginApp" time="16.179"/>
  <system-out/>
  <testcase classname="Test.seggregatedAppTest" name="flightSearchCalendarBased" time="18.764"/>
  <system-out/>
</testsuite> <!-- Test.seggregatedAppTest -->
