<?xml version="1.0" encoding="UTF-8"?>
<!-- Generated by org.testng.reporters.JUnitReportReporter -->
<testsuite hostname="LAPTOP-FQOSIE6M" failures="0" tests="1" name="Test.launchingApplication" time="58.043" errors="0" timestamp="2023-01-24T16:42:56 CST" skipped="0">
  <testcase classname="Test.launchingApplication" name="landingPage" time="58.043"/>
  <system-out/>
</testsuite> <!-- Test.launchingApplication -->
